<?xml version="1.0" encoding="UTF-8"?>
<testsuite name="com.cabinvoicegenerator.CabInvoiceGeneratorTest" tests="3" skipped="0" failures="0" errors="0" timestamp="2021-05-12T11:09:13" hostname="HACKERNAMAN" time="0.017">
  <properties/>
  <testcase name="givenLessDistanceAndTime_ShouldReturnMinimumFare()" classname="com.cabinvoicegenerator.CabInvoiceGeneratorTest" time="0.014"/>
  <testcase name="givenMultipleRides_ShouldReturnTotalFare()" classname="com.cabinvoicegenerator.CabInvoiceGeneratorTest" time="0.002"/>
  <testcase name="givenDistanceAndTime_ShouldReturnFare()" classname="com.cabinvoicegenerator.CabInvoiceGeneratorTest" time="0.001"/>
  <system-out><![CDATA[]]></system-out>
  <system-err><![CDATA[]]></system-err>
</testsuite>
